Sat Feb 24 2018 07:43:46 GMT-0500 (EST) GET /help.html
Sat Feb 24 2018 07:43:57 GMT-0500 (EST) GET /about
Sat Feb 24 2018 07:44:37 GMT-0500 (EST) GET /about
Sat Feb 24 2018 07:44:59 GMT-0500 (EST) GET /about
Sat Feb 24 2018 10:36:34 GMT-0500 (EST) GET /about
Sat Feb 24 2018 10:36:35 GMT-0500 (EST) GET /favicon.ico
Sat Feb 24 2018 10:36:36 GMT-0500 (EST) GET /
Sat Feb 24 2018 10:36:37 GMT-0500 (EST) GET /about
Sat Feb 24 2018 10:36:38 GMT-0500 (EST) GET /maintenance
Sat Feb 24 2018 10:49:17 GMT-0500 (EST) GET /about
Sat Feb 24 2018 10:49:20 GMT-0500 (EST) GET /
Sat Feb 24 2018 10:49:20 GMT-0500 (EST) GET /about
Sat Feb 24 2018 10:49:22 GMT-0500 (EST) GET /
Sat Feb 24 2018 10:49:25 GMT-0500 (EST) GET /about
Sat Feb 24 2018 10:49:32 GMT-0500 (EST) GET /
Sat Feb 24 2018 10:49:33 GMT-0500 (EST) GET /about
Sat Feb 24 2018 10:49:34 GMT-0500 (EST) GET /
Sat Feb 24 2018 10:49:35 GMT-0500 (EST) GET /about
Sat Feb 24 2018 10:49:35 GMT-0500 (EST) GET /
Sat Feb 24 2018 10:49:38 GMT-0500 (EST) GET /about
Sat Feb 24 2018 10:49:46 GMT-0500 (EST) GET /help
Sat Feb 24 2018 10:49:52 GMT-0500 (EST) GET /help.html
Sat Feb 24 2018 11:02:28 GMT-0500 (EST) GET /
Sat Feb 24 2018 11:02:29 GMT-0500 (EST) GET /favicon.ico
Sat Feb 24 2018 11:02:31 GMT-0500 (EST) GET /
Sat Feb 24 2018 11:02:32 GMT-0500 (EST) GET /about
Sat Feb 24 2018 11:02:48 GMT-0500 (EST) GET /projects
Sat Feb 24 2018 11:05:08 GMT-0500 (EST) GET /projects
Sat Feb 24 2018 11:05:13 GMT-0500 (EST) GET /
Sat Feb 24 2018 11:05:14 GMT-0500 (EST) GET /about
Sat Feb 24 2018 11:05:57 GMT-0500 (EST) GET /about
Sat Feb 24 2018 11:06:06 GMT-0500 (EST) GET /
Sat Feb 24 2018 11:06:07 GMT-0500 (EST) GET /about
Sat Feb 24 2018 11:06:21 GMT-0500 (EST) GET /projects
Sat Feb 24 2018 11:06:45 GMT-0500 (EST) GET /projects
Sat Feb 24 2018 11:07:05 GMT-0500 (EST) GET /projects
Sat Feb 24 2018 11:07:17 GMT-0500 (EST) GET /projects
Sat Feb 24 2018 11:07:58 GMT-0500 (EST) GET /projects
Sat Feb 24 2018 11:08:47 GMT-0500 (EST) GET /projects
Sat Feb 24 2018 11:09:27 GMT-0500 (EST) GET /projects
Sat Feb 24 2018 11:12:57 GMT-0500 (EST) GET /projects
Sat Feb 24 2018 11:12:59 GMT-0500 (EST) GET /about
Sat Feb 24 2018 11:13:00 GMT-0500 (EST) GET /
